
> build
> turbo run build

turbo 2.6.1

• Packages in scope: @itinerary/shared, mobile, temp-app
• Running build in 3 packages
• Remote caching disabled
temp-app:build: cache miss, executing d0d5b4de6d86f073
temp-app:build: 
temp-app:build: > temp-app@0.0.0 build
temp-app:build: > next build
temp-app:build: 
temp-app:build:   ▲ Next.js 14.2.33
temp-app:build:   - Environments: .env.local
temp-app:build: 
temp-app:build:    Creating an optimized production build ...
temp-app:build:  ✓ Compiled successfully
temp-app:build:    Linting and checking validity of types ...
temp-app:build:    Collecting page data ...
temp-app:build: Supabase Config: { urlPresent: true, keyPresent: true, url: 'https://zo...' }
temp-app:build: TypeError: s(...).createContext is not a function
temp-app:build:     at 3743 (/Users/erik/Antigravity_projects/Itinerary/apps/web/.next/server/chunks/219.js:1:967)
temp-app:build:     at t (/Users/erik/Antigravity_projects/Itinerary/apps/web/.next/server/webpack-runtime.js:1:127)
temp-app:build:     at 5256 (/Users/erik/Antigravity_projects/Itinerary/apps/web/.next/server/app/_not-found/page.js:1:585)
temp-app:build:     at t (/Users/erik/Antigravity_projects/Itinerary/apps/web/.next/server/webpack-runtime.js:1:127)
temp-app:build:     at n (/Users/erik/Antigravity_projects/Itinerary/apps/web/.next/server/app/_not-found/page.js:1:2624)
temp-app:build:     at /Users/erik/Antigravity_projects/Itinerary/apps/web/.next/server/app/_not-found/page.js:1:2655
temp-app:build:     at t.X (/Users/erik/Antigravity_projects/Itinerary/apps/web/.next/server/webpack-runtime.js:1:1181)
temp-app:build:     at /Users/erik/Antigravity_projects/Itinerary/apps/web/.next/server/app/_not-found/page.js:1:2637
temp-app:build:     at Object.<anonymous> (/Users/erik/Antigravity_projects/Itinerary/apps/web/.next/server/app/_not-found/page.js:1:2682)
temp-app:build:     at Module._compile (node:internal/modules/cjs/loader:1376:14)
temp-app:build: 
temp-app:build: > Build error occurred
temp-app:build: Error: Failed to collect page data for /_not-found
temp-app:build:     at /Users/erik/Antigravity_projects/Itinerary/apps/web/node_modules/next/dist/build/utils.js:1269:15
temp-app:build:     at process.processTicksAndRejections (node:internal/process/task_queues:95:5) {
temp-app:build:   type: 'Error'
temp-app:build: }
temp-app:build: npm ERR! Lifecycle script `build` failed with error: 
temp-app:build: npm ERR! Error: command failed 
temp-app:build: npm ERR!   in workspace: temp-app@0.0.0 
temp-app:build: npm ERR!   at location: /Users/erik/Antigravity_projects/Itinerary/apps/web 
temp-app:build: ERROR: command finished with error: command (/Users/erik/Antigravity_projects/Itinerary/apps/web) /Users/erik/.nvm/versions/node/v20.10.0/bin/npm run build exited (1)
temp-app#build: command (/Users/erik/Antigravity_projects/Itinerary/apps/web) /Users/erik/.nvm/versions/node/v20.10.0/bin/npm run build exited (1)

 Tasks:    0 successful, 1 total
Cached:    0 cached, 1 total
  Time:    3.96s 
Failed:    temp-app#build

 ERROR  run failed: command  exited (1)
