
> build
> turbo run build

turbo 2.6.1

â€¢ Packages in scope: @itinerary/shared, mobile, temp-app
â€¢ Running build in 3 packages
â€¢ Remote caching disabled
temp-app:build: cache miss, executing 1327aa4da26c02d9
temp-app:build: 
temp-app:build: > temp-app@0.0.0 build
temp-app:build: > next build
temp-app:build: 
temp-app:build:   â–² Next.js 14.2.33
temp-app:build:   - Environments: .env.local
temp-app:build: 
temp-app:build:    Creating an optimized production build ...
temp-app:build: Failed to compile.
temp-app:build: 
temp-app:build: ../../packages/shared/src/context/AuthContext.jsx
temp-app:build: Error: 
temp-app:build:   [31mx[0m You're importing a component that needs createContext. It only works in a Client Component but none of its parents are marked with "use client", so they're Server Components by default.
temp-app:build:   [31m|[0m Learn more: https://nextjs.org/docs/getting-started/react-essentials
temp-app:build:   [31m|[0m 
temp-app:build:   [31m|[0m 
temp-app:build:    ,-[[36;1;4m/Users/erik/Antigravity_projects/Itinerary/packages/shared/src/context/AuthContext.jsx[0m:1:1]
temp-app:build:  [2m1[0m | import React, { createContext, useContext, useState, useEffect } from 'react';
temp-app:build:    : [31;1m                ^^^^^^^^^^^^^[0m
temp-app:build:  [2m2[0m | import { supabase } from '../lib/supabase';
temp-app:build:  [2m3[0m | 
temp-app:build:  [2m4[0m | const AuthContext = createContext();
temp-app:build:    `----
temp-app:build: 
temp-app:build:   [31mx[0m You're importing a component that needs useState. It only works in a Client Component but none of its parents are marked with "use client", so they're Server Components by default.
temp-app:build:   [31m|[0m Learn more: https://nextjs.org/docs/getting-started/react-essentials
temp-app:build:   [31m|[0m 
temp-app:build:   [31m|[0m 
temp-app:build:    ,-[[36;1;4m/Users/erik/Antigravity_projects/Itinerary/packages/shared/src/context/AuthContext.jsx[0m:1:1]
temp-app:build:  [2m1[0m | import React, { createContext, useContext, useState, useEffect } from 'react';
temp-app:build:    : [31;1m                                           ^^^^^^^^[0m
temp-app:build:  [2m2[0m | import { supabase } from '../lib/supabase';
temp-app:build:  [2m3[0m | 
temp-app:build:  [2m4[0m | const AuthContext = createContext();
temp-app:build:    `----
temp-app:build: 
temp-app:build:   [31mx[0m You're importing a component that needs useEffect. It only works in a Client Component but none of its parents are marked with "use client", so they're Server Components by default.
temp-app:build:   [31m|[0m Learn more: https://nextjs.org/docs/getting-started/react-essentials
temp-app:build:   [31m|[0m 
temp-app:build:   [31m|[0m 
temp-app:build:    ,-[[36;1;4m/Users/erik/Antigravity_projects/Itinerary/packages/shared/src/context/AuthContext.jsx[0m:1:1]
temp-app:build:  [2m1[0m | import React, { createContext, useContext, useState, useEffect } from 'react';
temp-app:build:    : [31;1m                                                     ^^^^^^^^^[0m
temp-app:build:  [2m2[0m | import { supabase } from '../lib/supabase';
temp-app:build:  [2m3[0m | 
temp-app:build:  [2m4[0m | const AuthContext = createContext();
temp-app:build:    `----
temp-app:build: 
temp-app:build: Import trace for requested module:
temp-app:build: ../../packages/shared/src/context/AuthContext.jsx
temp-app:build: ../../packages/shared/src/index.js
temp-app:build: ./app/layout.jsx
temp-app:build: 
temp-app:build: 
temp-app:build: > Build failed because of webpack errors
temp-app:build: npm ERR! Lifecycle script `build` failed with error: 
temp-app:build: npm ERR! Error: command failed 
temp-app:build: npm ERR!   in workspace: temp-app@0.0.0 
temp-app:build: npm ERR!   at location: /Users/erik/Antigravity_projects/Itinerary/apps/web 
temp-app:build: ERROR: command finished with error: command (/Users/erik/Antigravity_projects/Itinerary/apps/web) /Users/erik/.nvm/versions/node/v20.10.0/bin/npm run build exited (1)
temp-app#build: command (/Users/erik/Antigravity_projects/Itinerary/apps/web) /Users/erik/.nvm/versions/node/v20.10.0/bin/npm run build exited (1)

 Tasks:    0 successful, 1 total
Cached:    0 cached, 1 total
  Time:    2.406s 
Failed:    temp-app#build

 ERROR  run failed: command  exited (1)
