
> build
> turbo run build

turbo 2.6.1

• Packages in scope: @itinerary/shared, mobile, temp-app
• Running build in 3 packages
• Remote caching disabled
temp-app:build: cache miss, executing 64018816a8d9c1f3
temp-app:build: 
temp-app:build: > temp-app@0.0.0 build
temp-app:build: > next build --webpack
temp-app:build: 
temp-app:build: [baseline-browser-mapping] The data in this module is over two months old.  To ensure accurate Baseline data, please update: `npm i baseline-browser-mapping@latest -D`
temp-app:build:    ▲ Next.js 16.0.5 (webpack)
temp-app:build: 
temp-app:build:    Creating an optimized production build ...
temp-app:build: [baseline-browser-mapping] The data in this module is over two months old.  To ensure accurate Baseline data, please update: `npm i baseline-browser-mapping@latest -D`
temp-app:build: Failed to compile.
temp-app:build: 
temp-app:build: app/layout.jsx
temp-app:build: An error occurred in `next/font`.
temp-app:build: 
temp-app:build: /Users/erik/Antigravity_projects/Itinerary/apps/web/postcss.config.js:1
temp-app:build: export default {
temp-app:build: ^^^^^^
temp-app:build: 
temp-app:build: SyntaxError: Unexpected token 'export'
temp-app:build:     at internalCompileFunction (node:internal/vm:77:18)
temp-app:build:     at wrapSafe (node:internal/modules/cjs/loader:1288:20)
temp-app:build:     at Module._compile (node:internal/modules/cjs/loader:1340:27)
temp-app:build:     at Module._extensions..js (node:internal/modules/cjs/loader:1435:10)
temp-app:build:     at Module.load (node:internal/modules/cjs/loader:1207:32)
temp-app:build:     at Module._load (node:internal/modules/cjs/loader:1023:12)
temp-app:build:     at Module.require (node:internal/modules/cjs/loader:1235:19)
temp-app:build:     at mod.require (/Users/erik/Antigravity_projects/Itinerary/node_modules/next/dist/server/require-hook.js:68:28)
temp-app:build:     at require (node:internal/modules/helpers:176:18)
temp-app:build:     at findConfig (/Users/erik/Antigravity_projects/Itinerary/node_modules/next/dist/lib/find-config.js:87:24)
temp-app:build: 
temp-app:build: 
temp-app:build: > Build failed because of webpack errors
temp-app:build: npm ERR! Lifecycle script `build` failed with error: 
temp-app:build: npm ERR! Error: command failed 
temp-app:build: npm ERR!   in workspace: temp-app@0.0.0 
temp-app:build: npm ERR!   at location: /Users/erik/Antigravity_projects/Itinerary/apps/web 
temp-app:build: ERROR: command finished with error: command (/Users/erik/Antigravity_projects/Itinerary/apps/web) /Users/erik/.nvm/versions/node/v20.10.0/bin/npm run build exited (1)
temp-app#build: command (/Users/erik/Antigravity_projects/Itinerary/apps/web) /Users/erik/.nvm/versions/node/v20.10.0/bin/npm run build exited (1)

 Tasks:    0 successful, 1 total
Cached:    0 cached, 1 total
  Time:    3.163s 
Failed:    temp-app#build

 ERROR  run failed: command  exited (1)
